<?xml version="1.0" encoding="UTF-8"?>
<!-- Generated by org.testng.reporters.JUnitReportReporter -->
<testsuite hostname="AA" failures="0" tests="3" name="testCases.TC002_SubmitMessageTest" time="1.489" errors="0" timestamp="2025-07-07T18:27:20 BST" skipped="0">
  <testcase classname="testCases.TC002_SubmitMessageTest" name="verify_Reservation" time="0.506"/>
  <testcase classname="testCases.TC002_SubmitMessageTest" name="verify_Reservation" time="0.588"/>
  <testcase classname="testCases.TC002_SubmitMessageTest" name="verify_Reservation" time="0.395"/>
</testsuite> <!-- testCases.TC002_SubmitMessageTest -->
