<?xml version="1.0" encoding="UTF-8"?>
<!-- Generated by org.testng.reporters.JUnitReportReporter -->
<testsuite hostname="AA" failures="0" tests="1" name="testCases.TC002_SubmitMessageTest" time="6.696" errors="0" timestamp="2025-07-11T14:06:22 BST" skipped="0">
  <testcase classname="testCases.TC002_SubmitMessageTest" name="verify_Reservation" time="6.696"/>
</testsuite> <!-- testCases.TC002_SubmitMessageTest -->
