<?xml version="1.0" encoding="UTF-8"?>
<!-- Generated by org.testng.reporters.JUnitReportReporter -->
<testsuite hostname="AA" failures="0" tests="1" name="testCases.TC006_HappyDaysTest" time="6.455" errors="0" timestamp="2025-07-09T22:46:55 BST" skipped="0">
  <testcase classname="testCases.TC006_HappyDaysTest" name="verifyHeaderBrand" time="6.455"/>
</testsuite> <!-- testCases.TC006_HappyDaysTest -->
