<?xml version="1.0" encoding="UTF-8"?>
<!-- Generated by org.testng.reporters.JUnitReportReporter -->
<testsuite hostname="AA" failures="0" tests="1" name="testCases.TC002_SubmitMessageTest" time="4.602" errors="0" timestamp="2025-07-08T16:00:55 BST" skipped="0">
  <testcase classname="testCases.TC002_SubmitMessageTest" name="verify_Reservation" time="4.602"/>
</testsuite> <!-- testCases.TC002_SubmitMessageTest -->
